<?xml version="1.0" encoding="UTF-8" standalone="no"?>
<testsuite failures="0" name="cucumber.runtime.formatter.JUnitFormatter" skipped="0" tests="1" time="8.207274">
<testcase classname="Login to amazon app" name="Verify if login sucessfully" time="8.207274">
<system-out><![CDATA[Given User is on sign in page...............................................passed
When title of the page is amazon............................................passed
Then enter username and password............................................passed
Then Check if user is navigated to home page................................passed
]]></system-out>
</testcase>
</testsuite>
